# JRE version: OpenJDK Runtime Environment Temurin-21.0.10+7 (21.0.10+7) (build 21.0.10+7-LTS)
# Java VM: OpenJDK 64-Bit Server VM Temurin-21.0.10+7 (21.0.10+7-LTS, mixed mode, sharing, tiered, compressed oops, compressed class ptrs, parallel gc, windows-amd64)
GC Precious Log:
 CardTable entry size: 512
 CPUs: 4 total, 4 available
 Memory: 8073M
 Large Page Support: Disabled
 NUMA Support: Disabled
 Compressed Oops: Enabled (32-bit)
 Alignments: Space 512K, Generation 512K, Heap 2M
 Heap Min Capacity: 100M
 Heap Initial Capacity: 100M
 Heap Max Capacity: 2G
 Pre-touch: Disabled
 Parallel Workers: 4
Heap:
 PSYoungGen      total 7168K, used 1806K [0x00000000d5580000, 0x00000000d6780000, 0x0000000100000000)
  eden space 5120K, 1% used [0x00000000d5580000,0x00000000d5593848,0x00000000d5a80000)
  from space 2048K, 84% used [0x00000000d6580000,0x00000000d6730000,0x00000000d6780000)
  to   space 4608K, 0% used [0x00000000d5e80000,0x00000000d5e80000,0x00000000d6300000)
 ParOldGen       total 585216K, used 585053K [0x0000000080000000, 0x00000000a3b80000, 0x00000000d5580000)
  object space 585216K, 99% used [0x0000000080000000,0x00000000a3b57448,0x00000000a3b80000)
 Metaspace       used 78913K, committed 80576K, reserved 1179648K
  class space    used 8223K, committed 8960K, reserved 1048576K
GC Heap History (20 events):
Event: 326.035 GC heap before
{Heap before GC invocations=544 (full 3):
 PSYoungGen      total 2560K, used 2443K [0x00000000d5580000, 0x00000000d5a00000, 0x0000000100000000)
  eden space 1536K, 94% used [0x00000000d5580000,0x00000000d56eaf80,0x00000000d5700000)
  from space 1024K, 96% used [0x00000000d5900000,0x00000000d59f7de0,0x00000000d5a00000)
  to   space 1536K, 0% used [0x00000000d5700000,0x00000000d5700000,0x00000000d5880000)
 ParOldGen       total 534016K, used 533600K [0x0000000080000000, 0x00000000a0980000, 0x00000000d5580000)
  object space 534016K, 99% used [0x0000000080000000,0x00000000a09183f8,0x00000000a0980000)
 Metaspace       used 78624K, committed 80384K, reserved 1179648K
  class space    used 8194K, committed 8960K, reserved 1048576K
}
Event: 326.037 GC heap after
{Heap after GC invocations=544 (full 3):
 PSYoungGen      total 3072K, used 1474K [0x00000000d5580000, 0x00000000d5b80000, 0x0000000100000000)
  eden space 1536K, 0% used [0x00000000d5580000,0x00000000d5580000,0x00000000d5700000)
  from space 1536K, 95% used [0x00000000d5700000,0x00000000d5870988,0x00000000d5880000)
  to   space 2048K, 0% used [0x00000000d5980000,0x00000000d5980000,0x00000000d5b80000)
 ParOldGen       total 535040K, used 534554K [0x0000000080000000, 0x00000000a0a80000, 0x00000000d5580000)
  object space 535040K, 99% used [0x0000000080000000,0x00000000a0a06988,0x00000000a0a80000)
 Metaspace       used 78624K, committed 80384K, reserved 1179648K
  class space    used 8194K, committed 8960K, reserved 1048576K
}
Event: 326.042 GC heap before
{Heap before GC invocations=545 (full 3):
 PSYoungGen      total 3072K, used 3010K [0x00000000d5580000, 0x00000000d5b80000, 0x0000000100000000)
  eden space 1536K, 100% used [0x00000000d5580000,0x00000000d5700000,0x00000000d5700000)
  from space 1536K, 95% used [0x00000000d5700000,0x00000000d5870988,0x00000000d5880000)
  to   space 2048K, 0% used [0x00000000d5980000,0x00000000d5980000,0x00000000d5b80000)
 ParOldGen       total 535040K, used 534554K [0x0000000080000000, 0x00000000a0a80000, 0x00000000d5580000)
  object space 535040K, 99% used [0x0000000080000000,0x00000000a0a06988,0x00000000a0a80000)
 Metaspace       used 78624K, committed 80384K, reserved 1179648K
  class space    used 8194K, committed 8960K, reserved 1048576K
}
Event: 326.045 GC heap after
{Heap after GC invocations=545 (full 3):
 PSYoungGen      total 4096K, used 1558K [0x00000000d5580000, 0x00000000d5b80000, 0x0000000100000000)
  eden space 2048K, 0% used [0x00000000d5580000,0x00000000d5580000,0x00000000d5780000)
  from space 2048K, 76% used [0x00000000d5980000,0x00000000d5b05a28,0x00000000d5b80000)
  to   space 2048K, 0% used [0x00000000d5780000,0x00000000d5780000,0x00000000d5980000)
 ParOldGen       total 536064K, used 535963K [0x0000000080000000, 0x00000000a0b80000, 0x00000000d5580000)
  object space 536064K, 99% used [0x0000000080000000,0x00000000a0b66d20,0x00000000a0b80000)
 Metaspace       used 78624K, committed 80384K, reserved 1179648K
  class space    used 8194K, committed 8960K, reserved 1048576K
}
Event: 326.050 GC heap before
{Heap before GC invocations=546 (full 3):
 PSYoungGen      total 4096K, used 3606K [0x00000000d5580000, 0x00000000d5b80000, 0x0000000100000000)
  eden space 2048K, 100% used [0x00000000d5580000,0x00000000d5780000,0x00000000d5780000)
  from space 2048K, 76% used [0x00000000d5980000,0x00000000d5b05a28,0x00000000d5b80000)
  to   space 2048K, 0% used [0x00000000d5780000,0x00000000d5780000,0x00000000d5980000)
 ParOldGen       total 536064K, used 535963K [0x0000000080000000, 0x00000000a0b80000, 0x00000000d5580000)
  object space 536064K, 99% used [0x0000000080000000,0x00000000a0b66d20,0x00000000a0b80000)
 Metaspace       used 78624K, committed 80384K, reserved 1179648K
  class space    used 8194K, committed 8960K, reserved 1048576K
}
Event: 326.053 GC heap after
{Heap after GC invocations=546 (full 3):
 PSYoungGen      total 4096K, used 1882K [0x00000000d5580000, 0x00000000d5c00000, 0x0000000100000000)
  eden space 2048K, 0% used [0x00000000d5580000,0x00000000d5580000,0x00000000d5780000)
  from space 2048K, 91% used [0x00000000d5780000,0x00000000d59568a8,0x00000000d5980000)
  to   space 2048K, 0% used [0x00000000d5a00000,0x00000000d5a00000,0x00000000d5c00000)
 ParOldGen       total 537600K, used 537450K [0x0000000080000000, 0x00000000a0d00000, 0x00000000d5580000)
  object space 537600K, 99% used [0x0000000080000000,0x00000000a0cdaa40,0x00000000a0d00000)
 Metaspace       used 78624K, committed 80384K, reserved 1179648K
  class space    used 8194K, committed 8960K, reserved 1048576K
}
Event: 326.063 GC heap before
{Heap before GC invocations=547 (full 3):
 PSYoungGen      total 4096K, used 3930K [0x00000000d5580000, 0x00000000d5c00000, 0x0000000100000000)
  eden space 2048K, 100% used [0x00000000d5580000,0x00000000d5780000,0x00000000d5780000)
  from space 2048K, 91% used [0x00000000d5780000,0x00000000d59568a8,0x00000000d5980000)
  to   space 2048K, 0% used [0x00000000d5a00000,0x00000000d5a00000,0x00000000d5c00000)
 ParOldGen       total 537600K, used 537450K [0x0000000080000000, 0x00000000a0d00000, 0x00000000d5580000)
  object space 537600K, 99% used [0x0000000080000000,0x00000000a0cdaa40,0x00000000a0d00000)
 Metaspace       used 78624K, committed 80384K, reserved 1179648K
  class space    used 8194K, committed 8960K, reserved 1048576K
}
Event: 326.068 GC heap after
{Heap after GC invocations=547 (full 3):
 PSYoungGen      total 4608K, used 1408K [0x00000000d5580000, 0x00000000d5c00000, 0x0000000100000000)
  eden space 2560K, 0% used [0x00000000d5580000,0x00000000d5580000,0x00000000d5800000)
  from space 2048K, 68% used [0x00000000d5a00000,0x00000000d5b60000,0x00000000d5c00000)
  to   space 2048K, 0% used [0x00000000d5800000,0x00000000d5800000,0x00000000d5a00000)
 ParOldGen       total 539648K, used 539278K [0x0000000080000000, 0x00000000a0f00000, 0x00000000d5580000)
  object space 539648K, 99% used [0x0000000080000000,0x00000000a0ea3b68,0x00000000a0f00000)
 Metaspace       used 78624K, committed 80384K, reserved 1179648K
  class space    used 8194K, committed 8960K, reserved 1048576K
}
Event: 326.080 GC heap before
{Heap before GC invocations=548 (full 3):
 PSYoungGen      total 4608K, used 3968K [0x00000000d5580000, 0x00000000d5c00000, 0x0000000100000000)
  eden space 2560K, 100% used [0x00000000d5580000,0x00000000d5800000,0x00000000d5800000)
  from space 2048K, 68% used [0x00000000d5a00000,0x00000000d5b60000,0x00000000d5c00000)
  to   space 2048K, 0% used [0x00000000d5800000,0x00000000d5800000,0x00000000d5a00000)
 ParOldGen       total 539648K, used 539278K [0x0000000080000000, 0x00000000a0f00000, 0x00000000d5580000)
  object space 539648K, 99% used [0x0000000080000000,0x00000000a0ea3b68,0x00000000a0f00000)
 Metaspace       used 78627K, committed 80384K, reserved 1179648K
  class space    used 8194K, committed 8960K, reserved 1048576K
}
Event: 326.086 GC heap after
{Heap after GC invocations=548 (full 3):
 PSYoungGen      total 4608K, used 2042K [0x00000000d5580000, 0x00000000d6080000, 0x0000000100000000)
  eden space 2560K, 0% used [0x00000000d5580000,0x00000000d5580000,0x00000000d5800000)
  from space 2048K, 99% used [0x00000000d5800000,0x00000000d59fe800,0x00000000d5a00000)
  to   space 4096K, 0% used [0x00000000d5c80000,0x00000000d5c80000,0x00000000d6080000)
 ParOldGen       total 541184K, used 540726K [0x0000000080000000, 0x00000000a1080000, 0x00000000d5580000)
  object space 541184K, 99% used [0x0000000080000000,0x00000000a100db68,0x00000000a1080000)
 Metaspace       used 78627K, committed 80384K, reserved 1179648K
  class space    used 8194K, committed 8960K, reserved 1048576K
}
Event: 326.108 GC heap before
{Heap before GC invocations=549 (full 3):
 PSYoungGen      total 4608K, used 4575K [0x00000000d5580000, 0x00000000d6080000, 0x0000000100000000)
  eden space 2560K, 98% used [0x00000000d5580000,0x00000000d57f9448,0x00000000d5800000)
  from space 2048K, 99% used [0x00000000d5800000,0x00000000d59fe800,0x00000000d5a00000)
  to   space 4096K, 0% used [0x00000000d5c80000,0x00000000d5c80000,0x00000000d6080000)
 ParOldGen       total 561152K, used 559926K [0x0000000080000000, 0x00000000a2400000, 0x00000000d5580000)
  object space 561152K, 99% used [0x0000000080000000,0x00000000a22cdb88,0x00000000a2400000)
 Metaspace       used 78631K, committed 80384K, reserved 1179648K
  class space    used 8194K, committed 8960K, reserved 1048576K
}
Event: 326.112 GC heap after
{Heap after GC invocations=549 (full 3):
 PSYoungGen      total 5120K, used 1688K [0x00000000d5580000, 0x00000000d5e80000, 0x0000000100000000)
  eden space 3072K, 0% used [0x00000000d5580000,0x00000000d5580000,0x00000000d5880000)
  from space 2048K, 82% used [0x00000000d5c80000,0x00000000d5e26010,0x00000000d5e80000)
  to   space 2560K, 0% used [0x00000000d5980000,0x00000000d5980000,0x00000000d5c00000)
 ParOldGen       total 562176K, used 561834K [0x0000000080000000, 0x00000000a2500000, 0x00000000d5580000)
  object space 562176K, 99% used [0x0000000080000000,0x00000000a24aab98,0x00000000a2500000)
 Metaspace       used 78631K, committed 80384K, reserved 1179648K
  class space    used 8194K, committed 8960K, reserved 1048576K
}
Event: 326.150 GC heap before
{Heap before GC invocations=550 (full 3):
 PSYoungGen      total 5120K, used 4760K [0x00000000d5580000, 0x00000000d5e80000, 0x0000000100000000)
  eden space 3072K, 100% used [0x00000000d5580000,0x00000000d5880000,0x00000000d5880000)
  from space 2048K, 82% used [0x00000000d5c80000,0x00000000d5e26010,0x00000000d5e80000)
  to   space 2560K, 0% used [0x00000000d5980000,0x00000000d5980000,0x00000000d5c00000)
 ParOldGen       total 573952K, used 573354K [0x0000000080000000, 0x00000000a3080000, 0x00000000d5580000)
  object space 573952K, 99% used [0x0000000080000000,0x00000000a2feaba8,0x00000000a3080000)
 Metaspace       used 78636K, committed 80384K, reserved 1179648K
  class space    used 8194K, committed 8960K, reserved 1048576K
}
Event: 326.156 GC heap after
{Heap after GC invocations=550 (full 3):
 PSYoungGen      total 6656K, used 2560K [0x00000000d5580000, 0x00000000d6380000, 0x0000000100000000)
  eden space 4096K, 0% used [0x00000000d5580000,0x00000000d5580000,0x00000000d5980000)
  from space 2560K, 100% used [0x00000000d5980000,0x00000000d5c00000,0x00000000d5c00000)
  to   space 5120K, 0% used [0x00000000d5e80000,0x00000000d5e80000,0x00000000d6380000)
 ParOldGen       total 575488K, used 575082K [0x0000000080000000, 0x00000000a3200000, 0x00000000d5580000)
  object space 575488K, 99% used [0x0000000080000000,0x00000000a319aba8,0x00000000a3200000)
 Metaspace       used 78636K, committed 80384K, reserved 1179648K
  class space    used 8194K, committed 8960K, reserved 1048576K
}
Event: 326.188 GC heap before
{Heap before GC invocations=551 (full 3):
 PSYoungGen      total 6656K, used 6656K [0x00000000d5580000, 0x00000000d6380000, 0x0000000100000000)
  eden space 4096K, 100% used [0x00000000d5580000,0x00000000d5980000,0x00000000d5980000)
  from space 2560K, 100% used [0x00000000d5980000,0x00000000d5c00000,0x00000000d5c00000)
  to   space 5120K, 0% used [0x00000000d5e80000,0x00000000d5e80000,0x00000000d6380000)
 ParOldGen       total 575488K, used 575082K [0x0000000080000000, 0x00000000a3200000, 0x00000000d5580000)
  object space 575488K, 99% used [0x0000000080000000,0x00000000a319aba8,0x00000000a3200000)
 Metaspace       used 78638K, committed 80384K, reserved 1179648K
  class space    used 8194K, committed 8960K, reserved 1048576K
}
Event: 326.193 GC heap after
{Heap after GC invocations=551 (full 3):
 PSYoungGen      total 9216K, used 3859K [0x00000000d5580000, 0x00000000d6280000, 0x0000000100000000)
  eden space 5120K, 0% used [0x00000000d5580000,0x00000000d5580000,0x00000000d5a80000)
  from space 4096K, 94% used [0x00000000d5e80000,0x00000000d6244e78,0x00000000d6280000)
  to   space 4096K, 0% used [0x00000000d5a80000,0x00000000d5a80000,0x00000000d5e80000)
 ParOldGen       total 576512K, used 576418K [0x0000000080000000, 0x00000000a3300000, 0x00000000d5580000)
  object space 576512K, 99% used [0x0000000080000000,0x00000000a32e8ba8,0x00000000a3300000)
 Metaspace       used 78638K, committed 80384K, reserved 1179648K
  class space    used 8194K, committed 8960K, reserved 1048576K
}
Event: 326.214 GC heap before
{Heap before GC invocations=552 (full 3):
 PSYoungGen      total 9216K, used 8979K [0x00000000d5580000, 0x00000000d6280000, 0x0000000100000000)
  eden space 5120K, 100% used [0x00000000d5580000,0x00000000d5a80000,0x00000000d5a80000)
  from space 4096K, 94% used [0x00000000d5e80000,0x00000000d6244e78,0x00000000d6280000)
  to   space 4096K, 0% used [0x00000000d5a80000,0x00000000d5a80000,0x00000000d5e80000)
 ParOldGen       total 576512K, used 576418K [0x0000000080000000, 0x00000000a3300000, 0x00000000d5580000)
  object space 576512K, 99% used [0x0000000080000000,0x00000000a32e8ba8,0x00000000a3300000)
 Metaspace       used 78638K, committed 80384K, reserved 1179648K
  class space    used 8194K, committed 8960K, reserved 1048576K
}
Event: 326.222 GC heap after
{Heap after GC invocations=552 (full 3):
 PSYoungGen      total 9216K, used 4080K [0x00000000d5580000, 0x00000000d6f80000, 0x0000000100000000)
  eden space 5120K, 0% used [0x00000000d5580000,0x00000000d5580000,0x00000000d5a80000)
  from space 4096K, 99% used [0x00000000d5a80000,0x00000000d5e7c000,0x00000000d5e80000)
  to   space 10240K, 0% used [0x00000000d6580000,0x00000000d6580000,0x00000000d6f80000)
 ParOldGen       total 581632K, used 581269K [0x0000000080000000, 0x00000000a3800000, 0x00000000d5580000)
  object space 581632K, 99% used [0x0000000080000000,0x00000000a37a5448,0x00000000a3800000)
 Metaspace       used 78638K, committed 80384K, reserved 1179648K
  class space    used 8194K, committed 8960K, reserved 1048576K
}
Event: 475.683 GC heap before
{Heap before GC invocations=553 (full 3):
 PSYoungGen      total 9216K, used 9200K [0x00000000d5580000, 0x00000000d6f80000, 0x0000000100000000)
  eden space 5120K, 100% used [0x00000000d5580000,0x00000000d5a80000,0x00000000d5a80000)
  from space 4096K, 99% used [0x00000000d5a80000,0x00000000d5e7c000,0x00000000d5e80000)
  to   space 10240K, 0% used [0x00000000d6580000,0x00000000d6580000,0x00000000d6f80000)
 ParOldGen       total 581632K, used 581269K [0x0000000080000000, 0x00000000a3800000, 0x00000000d5580000)
  object space 581632K, 99% used [0x0000000080000000,0x00000000a37a5448,0x00000000a3800000)
 Metaspace       used 78909K, committed 80576K, reserved 1179648K
  class space    used 8223K, committed 8960K, reserved 1048576K
}
Event: 475.690 GC heap after
{Heap after GC invocations=553 (full 3):
 PSYoungGen      total 7168K, used 1728K [0x00000000d5580000, 0x00000000d6780000, 0x0000000100000000)
  eden space 5120K, 0% used [0x00000000d5580000,0x00000000d5580000,0x00000000d5a80000)
  from space 2048K, 84% used [0x00000000d6580000,0x00000000d6730000,0x00000000d6780000)
  to   space 4608K, 0% used [0x00000000d5e80000,0x00000000d5e80000,0x00000000d6300000)
 ParOldGen       total 585216K, used 585053K [0x0000000080000000, 0x00000000a3b80000, 0x00000000d5580000)
  object space 585216K, 99% used [0x0000000080000000,0x00000000a3b57448,0x00000000a3b80000)
 Metaspace       used 78909K, committed 80576K, reserved 1179648K
  class space    used 8223K, committed 8960K, reserved 1048576K
}

